<?xml version="1.0" encoding="UTF-8"?>
<robot generator="Robot 4.1.3 (Python 3.10.2 on win32)" generated="20220302 21:17:59.292" rpa="false" schemaversion="2">
<suite id="s1" name="Products Search" source="C:\Users\emmab\PycharmProjects\YourLoga_Fashion\Tests\Products_Search.robot">
<kw name="Set Log Level" library="BuiltIn" type="SETUP">
<arg>DEBUG</arg>
<doc>Sets the log threshold to the specified level and returns the old level.</doc>
<msg timestamp="20220302 21:17:59.676" level="INFO">Log level changed from INFO to DEBUG.</msg>
<status status="PASS" starttime="20220302 21:17:59.675" endtime="20220302 21:17:59.676"/>
</kw>
<test id="s1-t1" name="Customer search Products on Display">
<kw name="Set Selenium Speed" library="SeleniumLibrary" type="SETUP">
<arg>0.01</arg>
<doc>Sets the delay that is waited after each Selenium command.</doc>
<status status="PASS" starttime="20220302 21:17:59.676" endtime="20220302 21:17:59.676"/>
</kw>
<kw name="Search through Women Products" library="YourLoga_Automation">
<kw name="Open Browser" library="SeleniumLibrary">
<arg>${PRODUCT_URL}</arg>
<arg>${BROWSER}</arg>
<doc>Opens a new browser instance to the optional ``url``.</doc>
<msg timestamp="20220302 21:17:59.677" level="INFO">Opening browser 'CHROME' to base url 'http://automationpractice.com/index.php?controller=authentication&amp;back=my-account'.</msg>
<msg timestamp="20220302 21:18:00.237" level="DEBUG">POST http://localhost:52883/session {"capabilities": {"firstMatch": [{}], "alwaysMatch": {"browserName": "chrome", "pageLoadStrategy": "normal", "goog:chromeOptions": {"extensions": [], "args": []}}}, "desiredCapabilities": {"browserName": "chrome", "pageLoadStrategy": "normal", "goog:chromeOptions": {"extensions": [], "args": []}}}</msg>
<msg timestamp="20220302 21:18:00.238" level="DEBUG">Starting new HTTP connection (1): localhost:52883</msg>
<msg timestamp="20220302 21:18:00.705" level="DEBUG">http://localhost:52883 "POST /session HTTP/1.1" 200 789</msg>
<msg timestamp="20220302 21:18:00.705" level="DEBUG">Finished Request</msg>
<msg timestamp="20220302 21:18:00.705" level="DEBUG">POST http://localhost:52883/session/027bafc31646785e5f680f3754281763/timeouts {"script": 5000}</msg>
<msg timestamp="20220302 21:18:00.707" level="DEBUG">http://localhost:52883 "POST /session/027bafc31646785e5f680f3754281763/timeouts HTTP/1.1" 200 14</msg>
<msg timestamp="20220302 21:18:00.707" level="DEBUG">Finished Request</msg>
<msg timestamp="20220302 21:18:00.707" level="DEBUG">POST http://localhost:52883/session/027bafc31646785e5f680f3754281763/timeouts {"implicit": 0}</msg>
<msg timestamp="20220302 21:18:00.708" level="DEBUG">http://localhost:52883 "POST /session/027bafc31646785e5f680f3754281763/timeouts HTTP/1.1" 200 14</msg>
<msg timestamp="20220302 21:18:00.709" level="DEBUG">Finished Request</msg>
<msg timestamp="20220302 21:18:00.709" level="DEBUG">POST http://localhost:52883/session/027bafc31646785e5f680f3754281763/url {"url": "http://automationpractice.com/index.php?controller=authentication&amp;back=my-account"}</msg>
<msg timestamp="20220302 21:18:03.090" level="DEBUG">http://localhost:52883 "POST /session/027bafc31646785e5f680f3754281763/url HTTP/1.1" 200 14</msg>
<msg timestamp="20220302 21:18:03.091" level="DEBUG">Finished Request</msg>
<msg timestamp="20220302 21:18:03.102" level="DEBUG">Opened browser with session id 027bafc31646785e5f680f3754281763.</msg>
<status status="PASS" starttime="20220302 21:17:59.677" endtime="20220302 21:18:03.102"/>
</kw>
<kw name="Maximize Browser Window" library="SeleniumLibrary">
<doc>Maximizes current browser window.</doc>
<msg timestamp="20220302 21:18:03.102" level="DEBUG">POST http://localhost:52883/session/027bafc31646785e5f680f3754281763/window/maximize {}</msg>
<msg timestamp="20220302 21:18:03.229" level="DEBUG">http://localhost:52883 "POST /session/027bafc31646785e5f680f3754281763/window/maximize HTTP/1.1" 200 51</msg>
<msg timestamp="20220302 21:18:03.229" level="DEBUG">Finished Request</msg>
<status status="PASS" starttime="20220302 21:18:03.102" endtime="20220302 21:18:03.242"/>
</kw>
<kw name="Click Element" library="SeleniumLibrary">
<arg>${WOMEN_PRODUCT}</arg>
<doc>Click the element identified by ``locator``.</doc>
<msg timestamp="20220302 21:18:03.243" level="INFO">Clicking element 'xpath://a[@title='Women']'.</msg>
<msg timestamp="20220302 21:18:03.243" level="DEBUG">POST http://localhost:52883/session/027bafc31646785e5f680f3754281763/elements {"using": "xpath", "value": "//a[@title='Women']"}</msg>
<msg timestamp="20220302 21:18:03.255" level="DEBUG">http://localhost:52883 "POST /session/027bafc31646785e5f680f3754281763/elements HTTP/1.1" 200 90</msg>
<msg timestamp="20220302 21:18:03.255" level="DEBUG">Finished Request</msg>
<msg timestamp="20220302 21:18:03.273" level="DEBUG">POST http://localhost:52883/session/027bafc31646785e5f680f3754281763/element/27986e87-50e7-4705-bad8-3530d56f8d8a/click {"id": "27986e87-50e7-4705-bad8-3530d56f8d8a"}</msg>
<msg timestamp="20220302 21:18:05.068" level="DEBUG">http://localhost:52883 "POST /session/027bafc31646785e5f680f3754281763/element/27986e87-50e7-4705-bad8-3530d56f8d8a/click HTTP/1.1" 200 14</msg>
<msg timestamp="20220302 21:18:05.068" level="DEBUG">Finished Request</msg>
<status status="PASS" starttime="20220302 21:18:03.242" endtime="20220302 21:18:05.080"/>
</kw>
<kw name="Page Should Contain Element" library="SeleniumLibrary">
<arg>${WOMEN_PAGE}</arg>
<doc>Verifies that element ``locator`` is found on the current page.</doc>
<msg timestamp="20220302 21:18:05.080" level="DEBUG">POST http://localhost:52883/session/027bafc31646785e5f680f3754281763/elements {"using": "xpath", "value": "//h2[normalize-space()='Women']"}</msg>
<msg timestamp="20220302 21:18:05.089" level="DEBUG">http://localhost:52883 "POST /session/027bafc31646785e5f680f3754281763/elements HTTP/1.1" 200 90</msg>
<msg timestamp="20220302 21:18:05.089" level="DEBUG">Finished Request</msg>
<msg timestamp="20220302 21:18:05.110" level="INFO">Current page contains element 'xpath://h2[normalize-space()='Women']'.</msg>
<status status="PASS" starttime="20220302 21:18:05.080" endtime="20220302 21:18:05.111"/>
</kw>
<kw name="Click Element" library="SeleniumLibrary">
<arg>${TOPS_BUTTON}</arg>
<doc>Click the element identified by ``locator``.</doc>
<msg timestamp="20220302 21:18:05.111" level="INFO">Clicking element 'xpath://div[@id='categories_block_left']//li[1]//span[1]'.</msg>
<msg timestamp="20220302 21:18:05.111" level="DEBUG">POST http://localhost:52883/session/027bafc31646785e5f680f3754281763/elements {"using": "xpath", "value": "//div[@id='categories_block_left']//li[1]//span[1]"}</msg>
<msg timestamp="20220302 21:18:05.123" level="DEBUG">http://localhost:52883 "POST /session/027bafc31646785e5f680f3754281763/elements HTTP/1.1" 200 90</msg>
<msg timestamp="20220302 21:18:05.123" level="DEBUG">Finished Request</msg>
<msg timestamp="20220302 21:18:05.142" level="DEBUG">POST http://localhost:52883/session/027bafc31646785e5f680f3754281763/element/dbb18512-0a08-4f60-8217-17cab9544ed3/click {"id": "dbb18512-0a08-4f60-8217-17cab9544ed3"}</msg>
<msg timestamp="20220302 21:18:05.181" level="DEBUG">http://localhost:52883 "POST /session/027bafc31646785e5f680f3754281763/element/dbb18512-0a08-4f60-8217-17cab9544ed3/click HTTP/1.1" 200 14</msg>
<msg timestamp="20220302 21:18:05.182" level="DEBUG">Finished Request</msg>
<status status="PASS" starttime="20220302 21:18:05.111" endtime="20220302 21:18:05.204"/>
</kw>
<kw name="Click Element" library="SeleniumLibrary">
<arg>${DRESSES_BUTTON}</arg>
<doc>Click the element identified by ``locator``.</doc>
<msg timestamp="20220302 21:18:05.204" level="INFO">Clicking element 'xpath://div[@class='block_content']//li[@class='last']//span[@class='grower CLOSE']'.</msg>
<msg timestamp="20220302 21:18:05.204" level="DEBUG">POST http://localhost:52883/session/027bafc31646785e5f680f3754281763/elements {"using": "xpath", "value": "//div[@class='block_content']//li[@class='last']//span[@class='grower CLOSE']"}</msg>
<msg timestamp="20220302 21:18:05.216" level="DEBUG">http://localhost:52883 "POST /session/027bafc31646785e5f680f3754281763/elements HTTP/1.1" 200 90</msg>
<msg timestamp="20220302 21:18:05.216" level="DEBUG">Finished Request</msg>
<msg timestamp="20220302 21:18:05.235" level="DEBUG">POST http://localhost:52883/session/027bafc31646785e5f680f3754281763/element/1c797689-2492-4e31-b2bb-82156498bad2/click {"id": "1c797689-2492-4e31-b2bb-82156498bad2"}</msg>
<msg timestamp="20220302 21:18:05.266" level="DEBUG">http://localhost:52883 "POST /session/027bafc31646785e5f680f3754281763/element/1c797689-2492-4e31-b2bb-82156498bad2/click HTTP/1.1" 200 14</msg>
<msg timestamp="20220302 21:18:05.266" level="DEBUG">Finished Request</msg>
<status status="PASS" starttime="20220302 21:18:05.204" endtime="20220302 21:18:05.282"/>
</kw>
<kw name="Click Element" library="SeleniumLibrary">
<arg>xpath://*[@id="categories_block_left"]/div/ul/li[1]/ul/li[1]/a</arg>
<doc>Click the element identified by ``locator``.</doc>
<msg timestamp="20220302 21:18:05.282" level="INFO">Clicking element 'xpath://*[@id="categories_block_left"]/div/ul/li[1]/ul/li[1]/a'.</msg>
<msg timestamp="20220302 21:18:05.282" level="DEBUG">POST http://localhost:52883/session/027bafc31646785e5f680f3754281763/elements {"using": "xpath", "value": "//*[@id=\"categories_block_left\"]/div/ul/li[1]/ul/li[1]/a"}</msg>
<msg timestamp="20220302 21:18:05.293" level="DEBUG">http://localhost:52883 "POST /session/027bafc31646785e5f680f3754281763/elements HTTP/1.1" 200 90</msg>
<msg timestamp="20220302 21:18:05.293" level="DEBUG">Finished Request</msg>
<msg timestamp="20220302 21:18:05.313" level="DEBUG">POST http://localhost:52883/session/027bafc31646785e5f680f3754281763/element/63bd0056-fcf1-493c-8377-ad425c42ef1d/click {"id": "63bd0056-fcf1-493c-8377-ad425c42ef1d"}</msg>
<msg timestamp="20220302 21:18:06.514" level="DEBUG">http://localhost:52883 "POST /session/027bafc31646785e5f680f3754281763/element/63bd0056-fcf1-493c-8377-ad425c42ef1d/click HTTP/1.1" 200 14</msg>
<msg timestamp="20220302 21:18:06.514" level="DEBUG">Finished Request</msg>
<status status="PASS" starttime="20220302 21:18:05.282" endtime="20220302 21:18:06.524"/>
</kw>
<status status="PASS" starttime="20220302 21:17:59.677" endtime="20220302 21:18:06.524"/>
</kw>
<tag>Product Search</tag>
<status status="PASS" starttime="20220302 21:17:59.676" endtime="20220302 21:18:06.526"/>
</test>
<kw name="Close All Browsers" library="SeleniumLibrary" type="TEARDOWN">
<doc>Closes all open browsers and resets the browser cache.</doc>
<msg timestamp="20220302 21:18:06.528" level="DEBUG">Closing all browsers.</msg>
<msg timestamp="20220302 21:18:06.529" level="DEBUG">DELETE http://localhost:52883/session/027bafc31646785e5f680f3754281763 {}</msg>
<msg timestamp="20220302 21:18:06.575" level="DEBUG">http://localhost:52883 "DELETE /session/027bafc31646785e5f680f3754281763 HTTP/1.1" 200 14</msg>
<msg timestamp="20220302 21:18:06.575" level="DEBUG">Finished Request</msg>
<status status="PASS" starttime="20220302 21:18:06.528" endtime="20220302 21:18:08.627"/>
</kw>
<doc>Smoke testing to validate the usage of robot framework as automation platform
test environment http://automationpractice.com/index.php</doc>
<status status="PASS" starttime="20220302 21:17:59.294" endtime="20220302 21:18:08.627"/>
</suite>
<statistics>
<total>
<stat pass="1" fail="0" skip="0">All Tests</stat>
</total>
<tag>
<stat pass="1" fail="0" skip="0">Product Search</stat>
</tag>
<suite>
<stat pass="1" fail="0" skip="0" id="s1" name="Products Search">Products Search</stat>
</suite>
</statistics>
<errors>
</errors>
</robot>
