<?xml version="1.0" encoding="UTF-8"?>
<robot generator="Robot 4.1.3 (Python 3.10.2 on win32)" generated="20220302 19:17:44.933" rpa="false" schemaversion="2">
<suite id="s1" name="Products Search" source="C:\Users\emmab\PycharmProjects\YourLoga_Fashion\Tests\Products_Search.robot">
<kw name="Set Log Level" library="BuiltIn" type="SETUP">
<arg>DEBUG</arg>
<doc>Sets the log threshold to the specified level and returns the old level.</doc>
<msg timestamp="20220302 19:17:45.333" level="INFO">Log level changed from INFO to DEBUG.</msg>
<status status="PASS" starttime="20220302 19:17:45.333" endtime="20220302 19:17:45.333"/>
</kw>
<test id="s1-t1" name="Customer search Products on Display">
<kw name="Set Selenium Speed" library="SeleniumLibrary" type="SETUP">
<arg>0.01</arg>
<doc>Sets the delay that is waited after each Selenium command.</doc>
<status status="PASS" starttime="20220302 19:17:45.334" endtime="20220302 19:17:45.334"/>
</kw>
<kw name="Search through Women Products" library="YourLoga_Automation">
<kw name="Open Browser" library="SeleniumLibrary">
<arg>${PRODUCT_URL}</arg>
<arg>${BROWSER}</arg>
<doc>Opens a new browser instance to the optional ``url``.</doc>
<msg timestamp="20220302 19:17:45.335" level="INFO">Opening browser 'CHROME' to base url 'http://automationpractice.com/index.php?controller=authentication&amp;back=my-account'.</msg>
<msg timestamp="20220302 19:17:45.899" level="DEBUG">POST http://localhost:57738/session {"capabilities": {"firstMatch": [{}], "alwaysMatch": {"browserName": "chrome", "pageLoadStrategy": "normal", "goog:chromeOptions": {"extensions": [], "args": []}}}, "desiredCapabilities": {"browserName": "chrome", "pageLoadStrategy": "normal", "goog:chromeOptions": {"extensions": [], "args": []}}}</msg>
<msg timestamp="20220302 19:17:45.900" level="DEBUG">Starting new HTTP connection (1): localhost:57738</msg>
<msg timestamp="20220302 19:17:46.460" level="DEBUG">http://localhost:57738 "POST /session HTTP/1.1" 200 789</msg>
<msg timestamp="20220302 19:17:46.461" level="DEBUG">Finished Request</msg>
<msg timestamp="20220302 19:17:46.461" level="DEBUG">POST http://localhost:57738/session/4447823ac3575a8b552254f77b61b2a9/timeouts {"script": 5000}</msg>
<msg timestamp="20220302 19:17:46.463" level="DEBUG">http://localhost:57738 "POST /session/4447823ac3575a8b552254f77b61b2a9/timeouts HTTP/1.1" 200 14</msg>
<msg timestamp="20220302 19:17:46.464" level="DEBUG">Finished Request</msg>
<msg timestamp="20220302 19:17:46.464" level="DEBUG">POST http://localhost:57738/session/4447823ac3575a8b552254f77b61b2a9/timeouts {"implicit": 0}</msg>
<msg timestamp="20220302 19:17:46.466" level="DEBUG">http://localhost:57738 "POST /session/4447823ac3575a8b552254f77b61b2a9/timeouts HTTP/1.1" 200 14</msg>
<msg timestamp="20220302 19:17:46.466" level="DEBUG">Finished Request</msg>
<msg timestamp="20220302 19:17:46.466" level="DEBUG">POST http://localhost:57738/session/4447823ac3575a8b552254f77b61b2a9/url {"url": "http://automationpractice.com/index.php?controller=authentication&amp;back=my-account"}</msg>
<msg timestamp="20220302 19:17:49.827" level="DEBUG">http://localhost:57738 "POST /session/4447823ac3575a8b552254f77b61b2a9/url HTTP/1.1" 200 14</msg>
<msg timestamp="20220302 19:17:49.828" level="DEBUG">Finished Request</msg>
<msg timestamp="20220302 19:17:49.839" level="DEBUG">Opened browser with session id 4447823ac3575a8b552254f77b61b2a9.</msg>
<status status="PASS" starttime="20220302 19:17:45.335" endtime="20220302 19:17:49.839"/>
</kw>
<kw name="Maximize Browser Window" library="SeleniumLibrary">
<doc>Maximizes current browser window.</doc>
<msg timestamp="20220302 19:17:49.839" level="DEBUG">POST http://localhost:57738/session/4447823ac3575a8b552254f77b61b2a9/window/maximize {}</msg>
<msg timestamp="20220302 19:17:49.983" level="DEBUG">http://localhost:57738 "POST /session/4447823ac3575a8b552254f77b61b2a9/window/maximize HTTP/1.1" 200 51</msg>
<msg timestamp="20220302 19:17:49.983" level="DEBUG">Finished Request</msg>
<status status="PASS" starttime="20220302 19:17:49.839" endtime="20220302 19:17:49.994"/>
</kw>
<kw name="Click Element" library="SeleniumLibrary">
<arg>${WOMEN_PRODUCT}</arg>
<doc>Click the element identified by ``locator``.</doc>
<msg timestamp="20220302 19:17:49.995" level="INFO">Clicking element 'xpath://a[@title='Women']'.</msg>
<msg timestamp="20220302 19:17:49.996" level="DEBUG">POST http://localhost:57738/session/4447823ac3575a8b552254f77b61b2a9/elements {"using": "xpath", "value": "//a[@title='Women']"}</msg>
<msg timestamp="20220302 19:17:50.018" level="DEBUG">http://localhost:57738 "POST /session/4447823ac3575a8b552254f77b61b2a9/elements HTTP/1.1" 200 90</msg>
<msg timestamp="20220302 19:17:50.019" level="DEBUG">Finished Request</msg>
<msg timestamp="20220302 19:17:50.041" level="DEBUG">POST http://localhost:57738/session/4447823ac3575a8b552254f77b61b2a9/element/7e7733d3-25c7-452f-8648-a3b5196661ee/click {"id": "7e7733d3-25c7-452f-8648-a3b5196661ee"}</msg>
<msg timestamp="20220302 19:17:52.492" level="DEBUG">http://localhost:57738 "POST /session/4447823ac3575a8b552254f77b61b2a9/element/7e7733d3-25c7-452f-8648-a3b5196661ee/click HTTP/1.1" 200 14</msg>
<msg timestamp="20220302 19:17:52.492" level="DEBUG">Finished Request</msg>
<status status="PASS" starttime="20220302 19:17:49.994" endtime="20220302 19:17:52.517"/>
</kw>
<status status="PASS" starttime="20220302 19:17:45.335" endtime="20220302 19:17:52.517"/>
</kw>
<tag>Product Search</tag>
<status status="PASS" starttime="20220302 19:17:45.333" endtime="20220302 19:17:52.518"/>
</test>
<kw name="Close All Browsers" library="SeleniumLibrary" type="TEARDOWN">
<doc>Closes all open browsers and resets the browser cache.</doc>
<msg timestamp="20220302 19:17:52.521" level="DEBUG">Closing all browsers.</msg>
<msg timestamp="20220302 19:17:52.522" level="DEBUG">DELETE http://localhost:57738/session/4447823ac3575a8b552254f77b61b2a9 {}</msg>
<msg timestamp="20220302 19:17:52.611" level="DEBUG">http://localhost:57738 "DELETE /session/4447823ac3575a8b552254f77b61b2a9 HTTP/1.1" 200 14</msg>
<msg timestamp="20220302 19:17:52.612" level="DEBUG">Finished Request</msg>
<status status="PASS" starttime="20220302 19:17:52.521" endtime="20220302 19:17:54.687"/>
</kw>
<doc>Smoke testing to validate the usage of robot framework as automation platform
test environment http://automationpractice.com/index.php</doc>
<status status="PASS" starttime="20220302 19:17:44.934" endtime="20220302 19:17:54.688"/>
</suite>
<statistics>
<total>
<stat pass="1" fail="0" skip="0">All Tests</stat>
</total>
<tag>
<stat pass="1" fail="0" skip="0">Product Search</stat>
</tag>
<suite>
<stat pass="1" fail="0" skip="0" id="s1" name="Products Search">Products Search</stat>
</suite>
</statistics>
<errors>
</errors>
</robot>
